<?xml version="1.0" encoding="UTF-8"?>
<testng-results ignored="0" total="6" passed="5" failed="1" skipped="0">
  <reporter-output>
  </reporter-output>
  <suite started-at="2019-10-07T14:51:29 IST" name="Suite" finished-at="2019-10-07T14:52:18 IST" duration-ms="49235">
    <groups>
    </groups>
    <test started-at="2019-10-07T14:51:29 IST" name="Test" finished-at="2019-10-07T14:52:18 IST" duration-ms="49235">
      <class name="com.atmecs.konakart.testscripts.HeroImagePage">
        <test-method signature="setup()[pri:1, instance:com.atmecs.konakart.testscripts.HeroImagePage@17c386de]" started-at="2019-10-07T14:51:29 IST" name="setup" finished-at="2019-10-07T14:51:48 IST" duration-ms="19376" status="FAIL">
          <exception class="java.lang.NoClassDefFoundError">
            <message>
              <![CDATA[junit/framework/Assert]]>
            </message>
            <full-stacktrace>
              <![CDATA[java.lang.NoClassDefFoundError: junit/framework/Assert
at com.atmecs.konakart.testbase.InvokeBrowser.setup(InvokeBrowser.java:38)
at java.base/jdk.internal.reflect.NativeMethodAccessorImpl.invoke0(Native Method)
at java.base/jdk.internal.reflect.NativeMethodAccessorImpl.invoke(NativeMethodAccessorImpl.java:62)
at java.base/jdk.internal.reflect.DelegatingMethodAccessorImpl.invoke(DelegatingMethodAccessorImpl.java:43)
at java.base/java.lang.reflect.Method.invoke(Method.java:567)
at org.testng.internal.MethodInvocationHelper.invokeMethod(MethodInvocationHelper.java:133)
at org.testng.internal.TestInvoker.invokeMethod(TestInvoker.java:584)
at org.testng.internal.TestInvoker.invokeTestMethod(TestInvoker.java:172)
at org.testng.internal.MethodRunner.runInSequence(MethodRunner.java:46)
at org.testng.internal.TestInvoker$MethodInvocationAgent.invoke(TestInvoker.java:804)
at org.testng.internal.TestInvoker.invokeTestMethods(TestInvoker.java:145)
at org.testng.internal.TestMethodWorker.invokeTestMethods(TestMethodWorker.java:146)
at org.testng.internal.TestMethodWorker.run(TestMethodWorker.java:128)
at java.base/java.util.ArrayList.forEach(ArrayList.java:1540)
at org.testng.TestRunner.privateRun(TestRunner.java:770)
at org.testng.TestRunner.run(TestRunner.java:591)
at org.testng.SuiteRunner.runTest(SuiteRunner.java:402)
at org.testng.SuiteRunner.runSequentially(SuiteRunner.java:396)
at org.testng.SuiteRunner.privateRun(SuiteRunner.java:355)
at org.testng.SuiteRunner.run(SuiteRunner.java:304)
at org.testng.SuiteRunnerWorker.runSuite(SuiteRunnerWorker.java:53)
at org.testng.SuiteRunnerWorker.run(SuiteRunnerWorker.java:96)
at org.testng.TestNG.runSuitesSequentially(TestNG.java:1180)
at org.testng.TestNG.runSuitesLocally(TestNG.java:1102)
at org.testng.TestNG.runSuites(TestNG.java:1032)
at org.testng.TestNG.run(TestNG.java:1000)
at org.apache.maven.surefire.testng.TestNGExecutor.run(TestNGExecutor.java:295)
at org.apache.maven.surefire.testng.TestNGXmlTestSuite.execute(TestNGXmlTestSuite.java:84)
at org.apache.maven.surefire.testng.TestNGProvider.invoke(TestNGProvider.java:90)
at org.apache.maven.surefire.booter.ForkedBooter.invokeProviderInSameClassLoader(ForkedBooter.java:203)
at org.apache.maven.surefire.booter.ForkedBooter.runSuitesInProcess(ForkedBooter.java:155)
at org.apache.maven.surefire.booter.ForkedBooter.main(ForkedBooter.java:103)
Caused by: java.lang.ClassNotFoundException: junit.framework.Assert
at java.base/jdk.internal.loader.BuiltinClassLoader.loadClass(BuiltinClassLoader.java:583)
at java.base/jdk.internal.loader.ClassLoaders$AppClassLoader.loadClass(ClassLoaders.java:178)
at java.base/java.lang.ClassLoader.loadClass(ClassLoader.java:521)
... 32 more
]]>
            </full-stacktrace>
          </exception> <!-- java.lang.NoClassDefFoundError -->
          <reporter-output>
          </reporter-output>
        </test-method> <!-- setup -->
        <test-method signature="clickOnHeroImage()[pri:2, instance:com.atmecs.konakart.testscripts.HeroImagePage@17c386de]" started-at="2019-10-07T14:51:48 IST" name="clickOnHeroImage" finished-at="2019-10-07T14:51:55 IST" duration-ms="6548" status="PASS">
          <reporter-output>
          </reporter-output>
        </test-method> <!-- clickOnHeroImage -->
        <test-method signature="navigateTabs()[pri:3, instance:com.atmecs.konakart.testscripts.HeroImagePage@17c386de]" started-at="2019-10-07T14:51:55 IST" name="navigateTabs" finished-at="2019-10-07T14:51:55 IST" duration-ms="143" status="PASS">
          <reporter-output>
          </reporter-output>
        </test-method> <!-- navigateTabs -->
        <test-method signature="validateContentOfTabs()[pri:4, instance:com.atmecs.konakart.testscripts.HeroImagePage@17c386de]" started-at="2019-10-07T14:51:55 IST" name="validateContentOfTabs" finished-at="2019-10-07T14:52:07 IST" duration-ms="12259" status="PASS">
          <reporter-output>
          </reporter-output>
        </test-method> <!-- validateContentOfTabs -->
        <test-method signature="validateSortByNumber()[pri:5, instance:com.atmecs.konakart.testscripts.HeroImagePage@17c386de]" started-at="2019-10-07T14:52:07 IST" name="validateSortByNumber" finished-at="2019-10-07T14:52:13 IST" duration-ms="6027" status="PASS">
          <reporter-output>
          </reporter-output>
        </test-method> <!-- validateSortByNumber -->
        <test-method signature="validateSortByActions()[pri:6, instance:com.atmecs.konakart.testscripts.HeroImagePage@17c386de]" started-at="2019-10-07T14:52:13 IST" name="validateSortByActions" finished-at="2019-10-07T14:52:18 IST" duration-ms="4829" status="PASS">
          <reporter-output>
          </reporter-output>
        </test-method> <!-- validateSortByActions -->
      </class> <!-- com.atmecs.konakart.testscripts.HeroImagePage -->
    </test> <!-- Test -->
  </suite> <!-- Suite -->
</testng-results>
